<?xml version="1.0" encoding="UTF-8"?>
<testng-results ignored="0" total="1" passed="1" failed="0" skipped="0">
  <reporter-output>
  </reporter-output>
  <suite started-at="2023-10-08T04:12:30 IST" name="Surefire suite" finished-at="2023-10-08T04:12:57 IST" duration-ms="27003">
    <groups>
      <group name="cucumber">
        <method signature="AbstractTestNGCucumberTests.runScenario(io.cucumber.testng.PickleWrapper,io.cucumber.testng.FeatureWrapper)[pri:0, instance:com.proCare.automation.testrunner.TestRunner@2f177a4b]" name="runScenario" class="io.cucumber.testng.AbstractTestNGCucumberTests"/>
      </group> <!-- cucumber -->
    </groups>
    <test started-at="2023-10-08T04:12:30 IST" name="Surefire test" finished-at="2023-10-08T04:12:57 IST" duration-ms="27003">
      <class name="com.proCare.automation.testrunner.TestRunner">
        <test-method is-config="true" signature="setUpClass()[pri:0, instance:com.proCare.automation.testrunner.TestRunner@2f177a4b]" started-at="2023-10-08T04:12:30 IST" name="setUpClass" finished-at="2023-10-08T04:12:30 IST" duration-ms="160" status="PASS">
          <reporter-output>
          </reporter-output>
        </test-method> <!-- setUpClass -->
        <test-method signature="runScenario(io.cucumber.testng.PickleWrapper,io.cucumber.testng.FeatureWrapper)[pri:0, instance:com.proCare.automation.testrunner.TestRunner@2f177a4b]" started-at="2023-10-08T04:12:30 IST" name="runScenario" description="Runs Cucumber Scenarios" data-provider="scenarios" finished-at="2023-10-08T04:12:57 IST" duration-ms="26825" status="PASS">
          <params>
            <param index="0">
              <value>
                <![CDATA["Login should be success"]]>
              </value>
            </param>
            <param index="1">
              <value>
                <![CDATA["Optional[login into application with valid credentials]"]]>
              </value>
            </param>
          </params>
          <reporter-output>
          </reporter-output>
        </test-method> <!-- runScenario -->
        <test-method is-config="true" signature="tearDownClass()[pri:0, instance:com.proCare.automation.testrunner.TestRunner@2f177a4b]" started-at="2023-10-08T04:12:57 IST" name="tearDownClass" finished-at="2023-10-08T04:12:57 IST" duration-ms="4" status="PASS">
          <reporter-output>
          </reporter-output>
        </test-method> <!-- tearDownClass -->
      </class> <!-- com.proCare.automation.testrunner.TestRunner -->
    </test> <!-- Surefire test -->
  </suite> <!-- Surefire suite -->
</testng-results>
