<?xml version="1.0" encoding="UTF-8"?>
<testng-results ignored="0" total="4" passed="4" failed="0" skipped="0">
  <reporter-output>
  </reporter-output>
  <suite started-at="2023-10-12T00:53:13 IST" name="Default suite" finished-at="2023-10-12T00:56:08 IST" duration-ms="174992">
    <groups>
      <group name="cucumber">
        <method signature="AbstractTestNGCucumberTests.runScenario(io.cucumber.testng.PickleWrapper,io.cucumber.testng.FeatureWrapper)[pri:0, instance:com.proCare.automation.testrunner.TestRunner@20bd8be5]" name="runScenario" class="io.cucumber.testng.AbstractTestNGCucumberTests"/>
      </group> <!-- cucumber -->
    </groups>
    <test started-at="2023-10-12T00:53:13 IST" name="Default test" finished-at="2023-10-12T00:56:08 IST" duration-ms="174992">
      <class name="com.proCare.automation.testrunner.TestRunner">
        <test-method is-config="true" signature="setUpClass()[pri:0, instance:com.proCare.automation.testrunner.TestRunner@20bd8be5]" started-at="2023-10-12T00:53:13 IST" name="setUpClass" finished-at="2023-10-12T00:53:13 IST" duration-ms="551" status="PASS">
          <reporter-output>
          </reporter-output>
        </test-method> <!-- setUpClass -->
        <test-method signature="runScenario(io.cucumber.testng.PickleWrapper,io.cucumber.testng.FeatureWrapper)[pri:0, instance:com.proCare.automation.testrunner.TestRunner@20bd8be5]" started-at="2023-10-12T00:53:13 IST" name="runScenario" description="Runs Cucumber Scenarios" data-provider="scenarios" finished-at="2023-10-12T00:53:42 IST" duration-ms="28650" status="PASS">
          <params>
            <param index="0">
              <value>
                <![CDATA["Validate if Admin navigate to speciality page"]]>
              </value>
            </param>
            <param index="1">
              <value>
                <![CDATA["Optional[Verify speciality features]"]]>
              </value>
            </param>
          </params>
          <reporter-output>
          </reporter-output>
        </test-method> <!-- runScenario -->
        <test-method signature="runScenario(io.cucumber.testng.PickleWrapper,io.cucumber.testng.FeatureWrapper)[pri:0, instance:com.proCare.automation.testrunner.TestRunner@20bd8be5]" started-at="2023-10-12T00:53:42 IST" name="runScenario" description="Runs Cucumber Scenarios" data-provider="scenarios" finished-at="2023-10-12T00:54:17 IST" duration-ms="34913" status="PASS">
          <params>
            <param index="0">
              <value>
                <![CDATA["Validate if Admin can create the speciality"]]>
              </value>
            </param>
            <param index="1">
              <value>
                <![CDATA["Optional[Verify speciality features]"]]>
              </value>
            </param>
          </params>
          <reporter-output>
          </reporter-output>
        </test-method> <!-- runScenario -->
        <test-method signature="runScenario(io.cucumber.testng.PickleWrapper,io.cucumber.testng.FeatureWrapper)[pri:0, instance:com.proCare.automation.testrunner.TestRunner@20bd8be5]" started-at="2023-10-12T00:54:17 IST" name="runScenario" description="Runs Cucumber Scenarios" data-provider="scenarios" finished-at="2023-10-12T00:55:13 IST" duration-ms="55967" status="PASS">
          <params>
            <param index="0">
              <value>
                <![CDATA["Validate if Admin can create and delete the speciality"]]>
              </value>
            </param>
            <param index="1">
              <value>
                <![CDATA["Optional[Verify speciality features]"]]>
              </value>
            </param>
          </params>
          <reporter-output>
          </reporter-output>
        </test-method> <!-- runScenario -->
        <test-method signature="runScenario(io.cucumber.testng.PickleWrapper,io.cucumber.testng.FeatureWrapper)[pri:0, instance:com.proCare.automation.testrunner.TestRunner@20bd8be5]" started-at="2023-10-12T00:55:13 IST" name="runScenario" description="Runs Cucumber Scenarios" data-provider="scenarios" finished-at="2023-10-12T00:56:06 IST" duration-ms="52883" status="PASS">
          <params>
            <param index="0">
              <value>
                <![CDATA["Validate if Admin can create and update the speciality"]]>
              </value>
            </param>
            <param index="1">
              <value>
                <![CDATA["Optional[Verify speciality features]"]]>
              </value>
            </param>
          </params>
          <reporter-output>
          </reporter-output>
        </test-method> <!-- runScenario -->
        <test-method is-config="true" signature="tearDownClass()[pri:0, instance:com.proCare.automation.testrunner.TestRunner@20bd8be5]" started-at="2023-10-12T00:56:06 IST" name="tearDownClass" finished-at="2023-10-12T00:56:08 IST" duration-ms="1968" status="PASS">
          <reporter-output>
          </reporter-output>
        </test-method> <!-- tearDownClass -->
      </class> <!-- com.proCare.automation.testrunner.TestRunner -->
    </test> <!-- Default test -->
  </suite> <!-- Default suite -->
</testng-results>
